<?xml version="1.0" encoding="UTF-8"?>
<!-- Generated by org.testng.reporters.JUnitReportReporter -->
<testsuite hostname="LAPTOP-SE5PHLAQ" failures="0" tests="1" name="com.actitime.testscripts.CreateCustomer" time="15.224" errors="0" timestamp="2023-09-30T07:53:43 IST" skipped="0">
  <testcase classname="com.actitime.testscripts.CreateCustomer" name="createcustomer" time="15.224"/>
  <system-out>
    <![CDATA[database connected
browser launched succsessfully
logged in succsessfully
logged out succsessfully
Browser closed Successfully
database disconnected]]>
  </system-out>
</testsuite> <!-- com.actitime.testscripts.CreateCustomer -->
